running egg_info
creating ../../build/robot_navigation/robot_navigation.egg-info
writing ../../build/robot_navigation/robot_navigation.egg-info/PKG-INFO
writing dependency_links to ../../build/robot_navigation/robot_navigation.egg-info/dependency_links.txt
writing entry points to ../../build/robot_navigation/robot_navigation.egg-info/entry_points.txt
writing requirements to ../../build/robot_navigation/robot_navigation.egg-info/requires.txt
writing top-level names to ../../build/robot_navigation/robot_navigation.egg-info/top_level.txt
writing manifest file '../../build/robot_navigation/robot_navigation.egg-info/SOURCES.txt'
reading manifest file '../../build/robot_navigation/robot_navigation.egg-info/SOURCES.txt'
writing manifest file '../../build/robot_navigation/robot_navigation.egg-info/SOURCES.txt'
running build
running build_py
creating /home/han/d2_ws/build/robot_navigation/build
creating /home/han/d2_ws/build/robot_navigation/build/lib
creating /home/han/d2_ws/build/robot_navigation/build/lib/robot_navigation
copying robot_navigation/__init__.py -> /home/han/d2_ws/build/robot_navigation/build/lib/robot_navigation
copying robot_navigation/init_pose.py -> /home/han/d2_ws/build/robot_navigation/build/lib/robot_navigation
copying robot_navigation/send_goal_stop.py -> /home/han/d2_ws/build/robot_navigation/build/lib/robot_navigation
copying robot_navigation/send_waypoint.py -> /home/han/d2_ws/build/robot_navigation/build/lib/robot_navigation
running install
running install_lib
creating /home/han/d2_ws/install/robot_navigation/lib/python3.10/site-packages/robot_navigation
copying /home/han/d2_ws/build/robot_navigation/build/lib/robot_navigation/send_waypoint.py -> /home/han/d2_ws/install/robot_navigation/lib/python3.10/site-packages/robot_navigation
copying /home/han/d2_ws/build/robot_navigation/build/lib/robot_navigation/__init__.py -> /home/han/d2_ws/install/robot_navigation/lib/python3.10/site-packages/robot_navigation
copying /home/han/d2_ws/build/robot_navigation/build/lib/robot_navigation/send_goal_stop.py -> /home/han/d2_ws/install/robot_navigation/lib/python3.10/site-packages/robot_navigation
copying /home/han/d2_ws/build/robot_navigation/build/lib/robot_navigation/init_pose.py -> /home/han/d2_ws/install/robot_navigation/lib/python3.10/site-packages/robot_navigation
byte-compiling /home/han/d2_ws/install/robot_navigation/lib/python3.10/site-packages/robot_navigation/send_waypoint.py to send_waypoint.cpython-310.pyc
byte-compiling /home/han/d2_ws/install/robot_navigation/lib/python3.10/site-packages/robot_navigation/__init__.py to __init__.cpython-310.pyc
byte-compiling /home/han/d2_ws/install/robot_navigation/lib/python3.10/site-packages/robot_navigation/send_goal_stop.py to send_goal_stop.cpython-310.pyc
byte-compiling /home/han/d2_ws/install/robot_navigation/lib/python3.10/site-packages/robot_navigation/init_pose.py to init_pose.cpython-310.pyc
running install_egg_info
Copying ../../build/robot_navigation/robot_navigation.egg-info to /home/han/d2_ws/install/robot_navigation/lib/python3.10/site-packages/robot_navigation-0.0.0-py3.10.egg-info
running install_scripts
Installing init_pose script to /home/han/d2_ws/install/robot_navigation/lib/robot_navigation
Installing send_goal_stop script to /home/han/d2_ws/install/robot_navigation/lib/robot_navigation
Installing send_waypoint script to /home/han/d2_ws/install/robot_navigation/lib/robot_navigation
writing list of installed files to '/home/han/d2_ws/build/robot_navigation/install.log'
