[1.119s] Invoking command in '/home/han/d2_ws/src/robot_navigation': PYTHONPATH=/home/han/d2_ws/build/robot_navigation/prefix_override:/usr/lib/python3/dist-packages/colcon_core/task/python/colcon_distutils_commands:/home/han/d2_ws/install/robot_navigation/lib/python3.10/site-packages:${PYTHONPATH} /usr/bin/python3 -W ignore:setup.py install is deprecated -W ignore:easy_install command is deprecated setup.py egg_info --egg-base ../../build/robot_navigation build --build-base /home/han/d2_ws/build/robot_navigation/build install --record /home/han/d2_ws/build/robot_navigation/install.log --single-version-externally-managed
[1.489s] running egg_info
[1.490s] creating ../../build/robot_navigation/robot_navigation.egg-info
[1.490s] writing ../../build/robot_navigation/robot_navigation.egg-info/PKG-INFO
[1.491s] writing dependency_links to ../../build/robot_navigation/robot_navigation.egg-info/dependency_links.txt
[1.491s] writing entry points to ../../build/robot_navigation/robot_navigation.egg-info/entry_points.txt
[1.491s] writing requirements to ../../build/robot_navigation/robot_navigation.egg-info/requires.txt
[1.491s] writing top-level names to ../../build/robot_navigation/robot_navigation.egg-info/top_level.txt
[1.491s] writing manifest file '../../build/robot_navigation/robot_navigation.egg-info/SOURCES.txt'
[1.493s] reading manifest file '../../build/robot_navigation/robot_navigation.egg-info/SOURCES.txt'
[1.495s] writing manifest file '../../build/robot_navigation/robot_navigation.egg-info/SOURCES.txt'
[1.495s] running build
[1.495s] running build_py
[1.495s] creating /home/han/d2_ws/build/robot_navigation/build
[1.495s] creating /home/han/d2_ws/build/robot_navigation/build/lib
[1.495s] creating /home/han/d2_ws/build/robot_navigation/build/lib/robot_navigation
[1.496s] copying robot_navigation/__init__.py -> /home/han/d2_ws/build/robot_navigation/build/lib/robot_navigation
[1.496s] copying robot_navigation/init_pose.py -> /home/han/d2_ws/build/robot_navigation/build/lib/robot_navigation
[1.496s] copying robot_navigation/send_goal_stop.py -> /home/han/d2_ws/build/robot_navigation/build/lib/robot_navigation
[1.496s] copying robot_navigation/send_waypoint.py -> /home/han/d2_ws/build/robot_navigation/build/lib/robot_navigation
[1.496s] running install
[1.496s] running install_lib
[1.497s] creating /home/han/d2_ws/install/robot_navigation/lib/python3.10/site-packages/robot_navigation
[1.498s] copying /home/han/d2_ws/build/robot_navigation/build/lib/robot_navigation/send_waypoint.py -> /home/han/d2_ws/install/robot_navigation/lib/python3.10/site-packages/robot_navigation
[1.498s] copying /home/han/d2_ws/build/robot_navigation/build/lib/robot_navigation/__init__.py -> /home/han/d2_ws/install/robot_navigation/lib/python3.10/site-packages/robot_navigation
[1.498s] copying /home/han/d2_ws/build/robot_navigation/build/lib/robot_navigation/send_goal_stop.py -> /home/han/d2_ws/install/robot_navigation/lib/python3.10/site-packages/robot_navigation
[1.498s] copying /home/han/d2_ws/build/robot_navigation/build/lib/robot_navigation/init_pose.py -> /home/han/d2_ws/install/robot_navigation/lib/python3.10/site-packages/robot_navigation
[1.499s] byte-compiling /home/han/d2_ws/install/robot_navigation/lib/python3.10/site-packages/robot_navigation/send_waypoint.py to send_waypoint.cpython-310.pyc
[1.501s] byte-compiling /home/han/d2_ws/install/robot_navigation/lib/python3.10/site-packages/robot_navigation/__init__.py to __init__.cpython-310.pyc
[1.501s] byte-compiling /home/han/d2_ws/install/robot_navigation/lib/python3.10/site-packages/robot_navigation/send_goal_stop.py to send_goal_stop.cpython-310.pyc
[1.502s] byte-compiling /home/han/d2_ws/install/robot_navigation/lib/python3.10/site-packages/robot_navigation/init_pose.py to init_pose.cpython-310.pyc
[1.503s] running install_egg_info
[1.506s] Copying ../../build/robot_navigation/robot_navigation.egg-info to /home/han/d2_ws/install/robot_navigation/lib/python3.10/site-packages/robot_navigation-0.0.0-py3.10.egg-info
[1.507s] running install_scripts
[1.536s] Installing init_pose script to /home/han/d2_ws/install/robot_navigation/lib/robot_navigation
[1.536s] Installing send_goal_stop script to /home/han/d2_ws/install/robot_navigation/lib/robot_navigation
[1.536s] Installing send_waypoint script to /home/han/d2_ws/install/robot_navigation/lib/robot_navigation
[1.537s] writing list of installed files to '/home/han/d2_ws/build/robot_navigation/install.log'
[1.567s] Invoked command in '/home/han/d2_ws/src/robot_navigation' returned '0': PYTHONPATH=/home/han/d2_ws/build/robot_navigation/prefix_override:/usr/lib/python3/dist-packages/colcon_core/task/python/colcon_distutils_commands:/home/han/d2_ws/install/robot_navigation/lib/python3.10/site-packages:${PYTHONPATH} /usr/bin/python3 -W ignore:setup.py install is deprecated -W ignore:easy_install command is deprecated setup.py egg_info --egg-base ../../build/robot_navigation build --build-base /home/han/d2_ws/build/robot_navigation/build install --record /home/han/d2_ws/build/robot_navigation/install.log --single-version-externally-managed
